 i18next: languageChanged en-GB
 i18next: initialized Object
play.google.com/log?format=json&hasfast=true&authuser=0:1  Failed to load resource: net::ERR_BLOCKED_BY_CLIENT
 Download the React DevTools for a better development experience: https://reactjs.org/link/react-devtools
 Object 'response'
 content script executed
 contentScript is running
play.google.com/log?format=json&hasfast=true&authuser=0:1  Failed to load resource: net::ERR_BLOCKED_BY_CLIENT
play.google.com/log?format=json&hasfast=true&authuser=0:1  Failed to load resource: net::ERR_BLOCKED_BY_CLIENT
 Object 'request'
 Requesting background to press Tab
Unchecked runtime.lastError: The message port closed before a response was received.
Unchecked runtime.lastError: The message port closed before a response was received.
Unchecked runtime.lastError: The message port closed before a response was received.
Unchecked runtime.lastError: The message port closed before a response was received.
Unchecked runtime.lastError: The message port closed before a response was received.
Unchecked runtime.lastError: The message port closed before a response was received.
Unchecked runtime.lastError: The message port closed before a response was received.
Unchecked runtime.lastError: The message port closed before a response was received.
Unchecked runtime.lastError: The message port closed before a response was received.
Unchecked runtime.lastError: The message port closed before a response was received.
Unchecked runtime.lastError: The message port closed before a response was received.
Unchecked runtime.lastError: The message port closed before a response was received.
Unchecked runtime.lastError: The message port closed before a response was received.
Unchecked runtime.lastError: The message port closed before a response was received.
Unchecked runtime.lastError: The message port closed before a response was received.
Unchecked runtime.lastError: The message port closed before a response was received.
Unchecked runtime.lastError: The message port closed before a response was received.
Unchecked runtime.lastError: The message port closed before a response was received.
Unchecked runtime.lastError: The message port closed before a response was received.
Unchecked runtime.lastError: The message port closed before a response was received.
Unchecked runtime.lastError: The message port closed before a response was received.
Unchecked runtime.lastError: The message port closed before a response was received.
Unchecked runtime.lastError: The message port closed before a response was received.
Unchecked runtime.lastError: The message port closed before a response was received.
Unchecked runtime.lastError: The message port closed before a response was received.
Unchecked runtime.lastError: The message port closed before a response was received.
Unchecked runtime.lastError: The message port closed before a response was received.
Unchecked runtime.lastError: The message port closed before a response was received.
Unchecked runtime.lastError: The message port closed before a response was received.
Unchecked runtime.lastError: The message port closed before a response was received.
Unchecked runtime.lastError: The message port closed before a response was received.
Unchecked runtime.lastError: The message port closed before a response was received.
Unchecked runtime.lastError: The message port closed before a response was received.
Unchecked runtime.lastError: The message port closed before a response was received.
Unchecked runtime.lastError: The message port closed before a response was received.
Unchecked runtime.lastError: The message port closed before a response was received.
Unchecked runtime.lastError: The message port closed before a response was received.
Unchecked runtime.lastError: The message port closed before a response was received.
Unchecked runtime.lastError: The message port closed before a response was received.
Unchecked runtime.lastError: The message port closed before a response was received.
Unchecked runtime.lastError: The message port closed before a response was received.
Unchecked runtime.lastError: The message port closed before a response was received.
Unchecked runtime.lastError: The message port closed before a response was received.
Unchecked runtime.lastError: The message port closed before a response was received.
Unchecked runtime.lastError: The message port closed before a response was received.
Unchecked runtime.lastError: The message port closed before a response was received.
Unchecked runtime.lastError: The message port closed before a response was received.
Unchecked runtime.lastError: The message port closed before a response was received.
Unchecked runtime.lastError: The message port closed before a response was received.
Unchecked runtime.lastError: The message port closed before a response was received.
Unchecked runtime.lastError: The message port closed before a response was received.
Unchecked runtime.lastError: The message port closed before a response was received.
Unchecked runtime.lastError: The message port closed before a response was received.
Unchecked runtime.lastError: The message port closed before a response was received.
Unchecked runtime.lastError: The message port closed before a response was received.
Unchecked runtime.lastError: The message port closed before a response was received.
Unchecked runtime.lastError: The message port closed before a response was received.
Unchecked runtime.lastError: The message port closed before a response was received.
play.google.com/log?format=json&hasfast=true&authuser=0:1  Failed to load resource: net::ERR_BLOCKED_BY_CLIENT
 Requesting background to press Tab
 Requesting background to press Tab
 Requesting background to press Tab
 Requesting background to press Tab
 Object 'request'
 Requesting background to press Tab
 Requesting background to press Tab
 Requesting background to press Tab
 Requesting background to press Tab
 Requesting background to press Tab
play.google.com/log?format=json&hasfast=true&authuser=0:1  Failed to load resource: net::ERR_BLOCKED_BY_CLIENT
 Requesting background to press Tab
 Requesting background to press Tab
 Requesting background to press Tab
 Requesting background to press Tab
 Object 'request'
 Requesting background to press Tab
 Requesting background to press Tab
 Requesting background to press Tab
 Requesting background to press Tab
 generate next
 Requesting background to press Tab
 Requesting background to press Tab
 contentScript is running
 Requesting background to press Tab
 Requesting background to press Tab
 Requesting background to press Tab
 Requesting background to press Tab
 Requesting background to press Tab
 Requesting background to press Tab
 generate next
 Requesting background to press Tab
 contentScript is running
r:1 Access to fetch at 'https://accounts.google.com/ServiceLogin?service=cl&passive=1209600&osid=1&continue=https://calendar.google.com/calendar/u/0/r&followup=https://calendar.google.com/calendar/u/0/r&emr=1' (redirected from 'https://calendar.google.com/calendar/u/0/r') from origin 'https://calendar.google.com' has been blocked by CORS policy: No 'Access-Control-Allow-Origin' header is present on the requested resource. If an opaque response serves your needs, set the request's mode to 'no-cors' to fetch the resource with CORS disabled.
accounts.google.com/ServiceLogin?service=cl&passive=1209600&osid=1&continue=https://calendar.google.com/calendar/u/0/r&followup=https://calendar.google.com/calendar/u/0/r&emr=1:1  Failed to load resource: net::ERR_FAILED
 Requesting background to press Tab
 Requesting background to press Tab
 Requesting background to press Tab
 generate next
 contentScript is running
 Object 'request'
 add thought
SidePanel.jsx.js:242 Object 'request'
SidePanel.jsx.js:132 Skip to main content initialLabel
SidePanel.jsx.js:140 <button class=​"VfPpkd-LgbsSe VfPpkd-LgbsSe-OWXEXe-dgl2Hf LjDxcd XhPA0b LQeN7" jscontroller=​"soHxf" jsaction=​"click:​cOuCgd;​ mousedown:​UX7yZ;​ mouseup:​lbsD7e;​ mouseenter:​tfO1Yc;​ mouseleave:​JywGue;​ touchstart:​p6p2H;​ touchmove:​FwuNnf;​ touchend:​yfqBxc;​ touchcancel:​JMtRjd;​ focus:​AHmuwe;​ blur:​O22p3e;​ contextmenu:​mg9Pef;​mlnRJb:​fLiPzd;​" data-idom-class=​"LjDxcd XhPA0b LQeN7" jsname=​"QTgKSc">​…​</button>​flex
SidePanel.jsx.js:27 contentScript is running
SidePanel.jsx.js:242 Object 'request'
SidePanel.jsx.js:66 145.94921875 'x'
SidePanel.jsx.js:67 24 'y'
SidePanel.jsx.js:242 {type: 'addThought', originalPlan: Array(2)} 'request'
SidePanel.jsx.js:246 add thought
SidePanel.jsx.js:242 {type: 'clickElement', ariaLabel: 'Switch to Calendar'} 'request'
SidePanel.jsx.js:132 Switch to Calendar initialLabel
SidePanel.jsx.js:140 <button class=​"VYBDae-Bz112c-LgbsSe VYBDae-Bz112c-LgbsSe-OWXEXe-SfQLQb-suEOdc xg1yEb" jscontroller=​"PIVayb" jsaction=​"click:​h5M12e;​ clickmod:​h5M12e;​pointerdown:​FEiYhc;​pointerup:​mF5Elf;​pointerenter:​EX0mI;​pointerleave:​vpvbp;​pointercancel:​xyn4sd;​contextmenu:​xexox;​focus:​h06R8;​ blur:​zjh6rb;​mlnRJb:​fLiPzd;​" data-idom-class=​"xg1yEb" jsname=​"gVHlfb" aria-label=​"Switch to Calendar" data-tooltip-enabled=​"true" data-tooltip-id=​"tt-i13" jslog=​"197124;​ track:​click,impression;​">​…​</button>​flex
SidePanel.jsx.js:27 contentScript is running
rs=AA2YrTtSSgfwXcuJQaY227SqFENIJRc8eA:71 
        
        
       POST https://play.google.com/log?format=json&hasfast=true&authuser=0 net::ERR_BLOCKED_BY_CLIENT
_.Zk.send @ rs=AA2YrTtSSgfwXcuJQaY227SqFENIJRc8eA:71
_.kl @ rs=AA2YrTtSSgfwXcuJQaY227SqFENIJRc8eA:77
send @ rs=AA2YrTtSSgfwXcuJQaY227SqFENIJRc8eA:77
(anonymous) @ rs=AA2YrTtSSgfwXcuJQaY227SqFENIJRc8eA:62
flush @ rs=AA2YrTtSSgfwXcuJQaY227SqFENIJRc8eA:62
(anonymous) @ rs=AA2YrTtSSgfwXcuJQaY227SqFENIJRc8eA:54
ik @ rs=AA2YrTtSSgfwXcuJQaY227SqFENIJRc8eA:54
(anonymous) @ rs=AA2YrTtSSgfwXcuJQaY227SqFENIJRc8eA:54
c @ m=base:845
contentScript.bundle.js:104 {os_name: undefined, test: false, admin: false, generated-user-id: '7f7032ee-7e33-4b5a-9c3d-fbd860e0b150', xpath_types: Array(5), …}
SidePanel.jsx.js:242 {type: 'showClick', x: 834.3046875, y: 32} 'request'
SidePanel.jsx.js:66 834.3046875 'x'
SidePanel.jsx.js:67 32 'y'
SidePanel.jsx.js:242 {type: 'addThought', originalPlan: Array(3)} 'request'
SidePanel.jsx.js:246 add thought
SidePanel.jsx.js:242 {type: 'clickElement', ariaLabel: 'Create'} 'request'
SidePanel.jsx.js:132 Create initialLabel
SidePanel.jsx.js:140 <div role=​"button" class=​"U26fgb c7fp5b FS4hgd GDoOPd mAozAc iWO5td" jscontroller=​"iSvg6e" jsaction=​"click:​cOuCgd;​ mousedown:​UX7yZ;​ mouseup:​lbsD7e;​ mouseenter:​tfO1Yc;​ mouseleave:​JywGue;​ focus:​AHmuwe;​ blur:​O22p3e;​ contextmenu:​mg9Pef;​touchstart:​p6p2H;​ touchmove:​FwuNnf;​ touchend:​yfqBxc(preventDefault=true)​;​ touchcancel:​JMtRjd;​;​keydown:​I481le;​" jsshadow jsname=​"vTZnL" aria-label=​"Create" tabindex=​"0" aria-haspopup=​"true" aria-expanded=​"true" aria-disabled=​"false" id=​"ow39" __is_owner=​"true">​…​</div>​
SidePanel.jsx.js:27 contentScript is running
SidePanel.jsx.js:242 {type: 'showClick', x: 56, y: 104} 'request'
SidePanel.jsx.js:66 56 'x'
SidePanel.jsx.js:67 104 'y'
m=base:852 
        
        
       POST https://play.google.com/log?format=json&hasfast=true&authuser=0 net::ERR_BLOCKED_BY_CLIENT
_.h.send @ m=base:852
_.d9a @ m=base:848
(anonymous) @ m=sy15b,sy15a,sy15c,OafFn:10
I9e.fw @ m=sy15b,sy15a,sy15c,OafFn:10
L9e.ha @ m=sy15b,sy15a,sy15c,OafFn:15
m_f.send @ m=b0EtRe,sypw,FcqXHf,TB7ud,IZT63,sy12,sy26,sy13,sy27,eL17hf,syvq,w01MBf,sy152,sy151,sy153,syt,e6m7nb,sy150,uKWCOd,xDPt7b,UgYOoc,H822tb,fOaBYc,cZBLOc,sy11,syte,sy1ll,yzDIMd,vdZkHe,MOyZ4e:169
await in m_f.send (async)
q @ m=b0EtRe,sypw,FcqXHf,TB7ud,IZT63,sy12,sy26,sy13,sy27,eL17hf,syvq,w01MBf,sy152,sy151,sy153,syt,e6m7nb,sy150,uKWCOd,xDPt7b,UgYOoc,H822tb,fOaBYc,cZBLOc,sy11,syte,sy1ll,yzDIMd,vdZkHe,MOyZ4e:106
_.BRb.flush @ m=b0EtRe,sypw,FcqXHf,TB7ud,IZT63,sy12,sy26,sy13,sy27,eL17hf,syvq,w01MBf,sy152,sy151,sy153,syt,e6m7nb,sy150,uKWCOd,xDPt7b,UgYOoc,H822tb,fOaBYc,cZBLOc,sy11,syte,sy1ll,yzDIMd,vdZkHe,MOyZ4e:106
(anonymous) @ m=b0EtRe,sypw,FcqXHf,TB7ud,IZT63,sy12,sy26,sy13,sy27,eL17hf,syvq,w01MBf,sy152,sy151,sy153,syt,e6m7nb,sy150,uKWCOd,xDPt7b,UgYOoc,H822tb,fOaBYc,cZBLOc,sy11,syte,sy1ll,yzDIMd,vdZkHe,MOyZ4e:100
EQb.tick @ m=b0EtRe,sypw,FcqXHf,TB7ud,IZT63,sy12,sy26,sy13,sy27,eL17hf,syvq,w01MBf,sy152,sy151,sy153,syt,e6m7nb,sy150,uKWCOd,xDPt7b,UgYOoc,H822tb,fOaBYc,cZBLOc,sy11,syte,sy1ll,yzDIMd,vdZkHe,MOyZ4e:97
(anonymous) @ m=b0EtRe,sypw,FcqXHf,TB7ud,IZT63,sy12,sy26,sy13,sy27,eL17hf,syvq,w01MBf,sy152,sy151,sy153,syt,e6m7nb,sy150,uKWCOd,xDPt7b,UgYOoc,H822tb,fOaBYc,cZBLOc,sy11,syte,sy1ll,yzDIMd,vdZkHe,MOyZ4e:96
c @ m=base:845
m=b0EtRe,sypw,FcqXHf,TB7ud,IZT63,sy12,sy26,sy13,sy27,eL17hf,syvq,w01MBf,sy152,sy151,sy153,syt,e6m7nb,sy150,uKWCOd,xDPt7b,UgYOoc,H822tb,fOaBYc,cZBLOc,sy11,syte,sy1ll,yzDIMd,vdZkHe,MOyZ4e:117 
        
        
       POST https://play.google.com/log?format=json&hasfast=true&authuser=0 net::ERR_BLOCKED_BY_CLIENT
HTb.send @ m=b0EtRe,sypw,FcqXHf,TB7ud,IZT63,sy12,sy26,sy13,sy27,eL17hf,syvq,w01MBf,sy152,sy151,sy153,syt,e6m7nb,sy150,uKWCOd,xDPt7b,UgYOoc,H822tb,fOaBYc,cZBLOc,sy11,syte,sy1ll,yzDIMd,vdZkHe,MOyZ4e:117
q @ m=b0EtRe,sypw,FcqXHf,TB7ud,IZT63,sy12,sy26,sy13,sy27,eL17hf,syvq,w01MBf,sy152,sy151,sy153,syt,e6m7nb,sy150,uKWCOd,xDPt7b,UgYOoc,H822tb,fOaBYc,cZBLOc,sy11,syte,sy1ll,yzDIMd,vdZkHe,MOyZ4e:106
_.BRb.flush @ m=b0EtRe,sypw,FcqXHf,TB7ud,IZT63,sy12,sy26,sy13,sy27,eL17hf,syvq,w01MBf,sy152,sy151,sy153,syt,e6m7nb,sy150,uKWCOd,xDPt7b,UgYOoc,H822tb,fOaBYc,cZBLOc,sy11,syte,sy1ll,yzDIMd,vdZkHe,MOyZ4e:106
(anonymous) @ m=b0EtRe,sypw,FcqXHf,TB7ud,IZT63,sy12,sy26,sy13,sy27,eL17hf,syvq,w01MBf,sy152,sy151,sy153,syt,e6m7nb,sy150,uKWCOd,xDPt7b,UgYOoc,H822tb,fOaBYc,cZBLOc,sy11,syte,sy1ll,yzDIMd,vdZkHe,MOyZ4e:100
EQb.tick @ m=b0EtRe,sypw,FcqXHf,TB7ud,IZT63,sy12,sy26,sy13,sy27,eL17hf,syvq,w01MBf,sy152,sy151,sy153,syt,e6m7nb,sy150,uKWCOd,xDPt7b,UgYOoc,H822tb,fOaBYc,cZBLOc,sy11,syte,sy1ll,yzDIMd,vdZkHe,MOyZ4e:97
(anonymous) @ m=b0EtRe,sypw,FcqXHf,TB7ud,IZT63,sy12,sy26,sy13,sy27,eL17hf,syvq,w01MBf,sy152,sy151,sy153,syt,e6m7nb,sy150,uKWCOd,xDPt7b,UgYOoc,H822tb,fOaBYc,cZBLOc,sy11,syte,sy1ll,yzDIMd,vdZkHe,MOyZ4e:96
c @ m=base:845
m=b0EtRe,sypw,FcqXHf,TB7ud,IZT63,sy12,sy26,sy13,sy27,eL17hf,syvq,w01MBf,sy152,sy151,sy153,syt,e6m7nb,sy150,uKWCOd,xDPt7b,UgYOoc,H822tb,fOaBYc,cZBLOc,sy11,syte,sy1ll,yzDIMd,vdZkHe,MOyZ4e:117 
        
        
       POST https://play.google.com/log?format=json&hasfast=true&authuser=0 net::ERR_BLOCKED_BY_CLIENT
HTb.send @ m=b0EtRe,sypw,FcqXHf,TB7ud,IZT63,sy12,sy26,sy13,sy27,eL17hf,syvq,w01MBf,sy152,sy151,sy153,syt,e6m7nb,sy150,uKWCOd,xDPt7b,UgYOoc,H822tb,fOaBYc,cZBLOc,sy11,syte,sy1ll,yzDIMd,vdZkHe,MOyZ4e:117
q @ m=b0EtRe,sypw,FcqXHf,TB7ud,IZT63,sy12,sy26,sy13,sy27,eL17hf,syvq,w01MBf,sy152,sy151,sy153,syt,e6m7nb,sy150,uKWCOd,xDPt7b,UgYOoc,H822tb,fOaBYc,cZBLOc,sy11,syte,sy1ll,yzDIMd,vdZkHe,MOyZ4e:106
_.BRb.flush @ m=b0EtRe,sypw,FcqXHf,TB7ud,IZT63,sy12,sy26,sy13,sy27,eL17hf,syvq,w01MBf,sy152,sy151,sy153,syt,e6m7nb,sy150,uKWCOd,xDPt7b,UgYOoc,H822tb,fOaBYc,cZBLOc,sy11,syte,sy1ll,yzDIMd,vdZkHe,MOyZ4e:106
(anonymous) @ m=b0EtRe,sypw,FcqXHf,TB7ud,IZT63,sy12,sy26,sy13,sy27,eL17hf,syvq,w01MBf,sy152,sy151,sy153,syt,e6m7nb,sy150,uKWCOd,xDPt7b,UgYOoc,H822tb,fOaBYc,cZBLOc,sy11,syte,sy1ll,yzDIMd,vdZkHe,MOyZ4e:100
EQb.tick @ m=b0EtRe,sypw,FcqXHf,TB7ud,IZT63,sy12,sy26,sy13,sy27,eL17hf,syvq,w01MBf,sy152,sy151,sy153,syt,e6m7nb,sy150,uKWCOd,xDPt7b,UgYOoc,H822tb,fOaBYc,cZBLOc,sy11,syte,sy1ll,yzDIMd,vdZkHe,MOyZ4e:97
(anonymous) @ m=b0EtRe,sypw,FcqXHf,TB7ud,IZT63,sy12,sy26,sy13,sy27,eL17hf,syvq,w01MBf,sy152,sy151,sy153,syt,e6m7nb,sy150,uKWCOd,xDPt7b,UgYOoc,H822tb,fOaBYc,cZBLOc,sy11,syte,sy1ll,yzDIMd,vdZkHe,MOyZ4e:96
c @ m=base:845
m=b0EtRe,sypw,FcqXHf,TB7ud,IZT63,sy12,sy26,sy13,sy27,eL17hf,syvq,w01MBf,sy152,sy151,sy153,syt,e6m7nb,sy150,uKWCOd,xDPt7b,UgYOoc,H822tb,fOaBYc,cZBLOc,sy11,syte,sy1ll,yzDIMd,vdZkHe,MOyZ4e:117 
        
        
       POST https://play.google.com/log?format=json&hasfast=true&authuser=0 net::ERR_BLOCKED_BY_CLIENT
HTb.send @ m=b0EtRe,sypw,FcqXHf,TB7ud,IZT63,sy12,sy26,sy13,sy27,eL17hf,syvq,w01MBf,sy152,sy151,sy153,syt,e6m7nb,sy150,uKWCOd,xDPt7b,UgYOoc,H822tb,fOaBYc,cZBLOc,sy11,syte,sy1ll,yzDIMd,vdZkHe,MOyZ4e:117
q @ m=b0EtRe,sypw,FcqXHf,TB7ud,IZT63,sy12,sy26,sy13,sy27,eL17hf,syvq,w01MBf,sy152,sy151,sy153,syt,e6m7nb,sy150,uKWCOd,xDPt7b,UgYOoc,H822tb,fOaBYc,cZBLOc,sy11,syte,sy1ll,yzDIMd,vdZkHe,MOyZ4e:106
_.BRb.flush @ m=b0EtRe,sypw,FcqXHf,TB7ud,IZT63,sy12,sy26,sy13,sy27,eL17hf,syvq,w01MBf,sy152,sy151,sy153,syt,e6m7nb,sy150,uKWCOd,xDPt7b,UgYOoc,H822tb,fOaBYc,cZBLOc,sy11,syte,sy1ll,yzDIMd,vdZkHe,MOyZ4e:106
(anonymous) @ m=b0EtRe,sypw,FcqXHf,TB7ud,IZT63,sy12,sy26,sy13,sy27,eL17hf,syvq,w01MBf,sy152,sy151,sy153,syt,e6m7nb,sy150,uKWCOd,xDPt7b,UgYOoc,H822tb,fOaBYc,cZBLOc,sy11,syte,sy1ll,yzDIMd,vdZkHe,MOyZ4e:100
EQb.tick @ m=b0EtRe,sypw,FcqXHf,TB7ud,IZT63,sy12,sy26,sy13,sy27,eL17hf,syvq,w01MBf,sy152,sy151,sy153,syt,e6m7nb,sy150,uKWCOd,xDPt7b,UgYOoc,H822tb,fOaBYc,cZBLOc,sy11,syte,sy1ll,yzDIMd,vdZkHe,MOyZ4e:97
(anonymous) @ m=b0EtRe,sypw,FcqXHf,TB7ud,IZT63,sy12,sy26,sy13,sy27,eL17hf,syvq,w01MBf,sy152,sy151,sy153,syt,e6m7nb,sy150,uKWCOd,xDPt7b,UgYOoc,H822tb,fOaBYc,cZBLOc,sy11,syte,sy1ll,yzDIMd,vdZkHe,MOyZ4e:96
c @ m=base:845
m=base:852 
        
        
       POST https://play.google.com/log?format=json&hasfast=true&authuser=0 net::ERR_BLOCKED_BY_CLIENT
_.h.send @ m=base:852
_.d9a @ m=base:848
(anonymous) @ m=sy15b,sy15a,sy15c,OafFn:10
I9e.fw @ m=sy15b,sy15a,sy15c,OafFn:10
L9e.ha @ m=sy15b,sy15a,sy15c,OafFn:15
m_f.send @ m=b0EtRe,sypw,FcqXHf,TB7ud,IZT63,sy12,sy26,sy13,sy27,eL17hf,syvq,w01MBf,sy152,sy151,sy153,syt,e6m7nb,sy150,uKWCOd,xDPt7b,UgYOoc,H822tb,fOaBYc,cZBLOc,sy11,syte,sy1ll,yzDIMd,vdZkHe,MOyZ4e:169
await in m_f.send (async)
q @ m=b0EtRe,sypw,FcqXHf,TB7ud,IZT63,sy12,sy26,sy13,sy27,eL17hf,syvq,w01MBf,sy152,sy151,sy153,syt,e6m7nb,sy150,uKWCOd,xDPt7b,UgYOoc,H822tb,fOaBYc,cZBLOc,sy11,syte,sy1ll,yzDIMd,vdZkHe,MOyZ4e:106
_.BRb.flush @ m=b0EtRe,sypw,FcqXHf,TB7ud,IZT63,sy12,sy26,sy13,sy27,eL17hf,syvq,w01MBf,sy152,sy151,sy153,syt,e6m7nb,sy150,uKWCOd,xDPt7b,UgYOoc,H822tb,fOaBYc,cZBLOc,sy11,syte,sy1ll,yzDIMd,vdZkHe,MOyZ4e:106
(anonymous) @ m=b0EtRe,sypw,FcqXHf,TB7ud,IZT63,sy12,sy26,sy13,sy27,eL17hf,syvq,w01MBf,sy152,sy151,sy153,syt,e6m7nb,sy150,uKWCOd,xDPt7b,UgYOoc,H822tb,fOaBYc,cZBLOc,sy11,syte,sy1ll,yzDIMd,vdZkHe,MOyZ4e:100
EQb.tick @ m=b0EtRe,sypw,FcqXHf,TB7ud,IZT63,sy12,sy26,sy13,sy27,eL17hf,syvq,w01MBf,sy152,sy151,sy153,syt,e6m7nb,sy150,uKWCOd,xDPt7b,UgYOoc,H822tb,fOaBYc,cZBLOc,sy11,syte,sy1ll,yzDIMd,vdZkHe,MOyZ4e:97
(anonymous) @ m=b0EtRe,sypw,FcqXHf,TB7ud,IZT63,sy12,sy26,sy13,sy27,eL17hf,syvq,w01MBf,sy152,sy151,sy153,syt,e6m7nb,sy150,uKWCOd,xDPt7b,UgYOoc,H822tb,fOaBYc,cZBLOc,sy11,syte,sy1ll,yzDIMd,vdZkHe,MOyZ4e:96
c @ m=base:845
m=b0EtRe,sypw,FcqXHf,TB7ud,IZT63,sy12,sy26,sy13,sy27,eL17hf,syvq,w01MBf,sy152,sy151,sy153,syt,e6m7nb,sy150,uKWCOd,xDPt7b,UgYOoc,H822tb,fOaBYc,cZBLOc,sy11,syte,sy1ll,yzDIMd,vdZkHe,MOyZ4e:117 
        
        
       POST https://play.google.com/log?format=json&hasfast=true&authuser=0 net::ERR_BLOCKED_BY_CLIENT
HTb.send @ m=b0EtRe,sypw,FcqXHf,TB7ud,IZT63,sy12,sy26,sy13,sy27,eL17hf,syvq,w01MBf,sy152,sy151,sy153,syt,e6m7nb,sy150,uKWCOd,xDPt7b,UgYOoc,H822tb,fOaBYc,cZBLOc,sy11,syte,sy1ll,yzDIMd,vdZkHe,MOyZ4e:117
q @ m=b0EtRe,sypw,FcqXHf,TB7ud,IZT63,sy12,sy26,sy13,sy27,eL17hf,syvq,w01MBf,sy152,sy151,sy153,syt,e6m7nb,sy150,uKWCOd,xDPt7b,UgYOoc,H822tb,fOaBYc,cZBLOc,sy11,syte,sy1ll,yzDIMd,vdZkHe,MOyZ4e:106
_.BRb.flush @ m=b0EtRe,sypw,FcqXHf,TB7ud,IZT63,sy12,sy26,sy13,sy27,eL17hf,syvq,w01MBf,sy152,sy151,sy153,syt,e6m7nb,sy150,uKWCOd,xDPt7b,UgYOoc,H822tb,fOaBYc,cZBLOc,sy11,syte,sy1ll,yzDIMd,vdZkHe,MOyZ4e:106
(anonymous) @ m=b0EtRe,sypw,FcqXHf,TB7ud,IZT63,sy12,sy26,sy13,sy27,eL17hf,syvq,w01MBf,sy152,sy151,sy153,syt,e6m7nb,sy150,uKWCOd,xDPt7b,UgYOoc,H822tb,fOaBYc,cZBLOc,sy11,syte,sy1ll,yzDIMd,vdZkHe,MOyZ4e:100
EQb.tick @ m=b0EtRe,sypw,FcqXHf,TB7ud,IZT63,sy12,sy26,sy13,sy27,eL17hf,syvq,w01MBf,sy152,sy151,sy153,syt,e6m7nb,sy150,uKWCOd,xDPt7b,UgYOoc,H822tb,fOaBYc,cZBLOc,sy11,syte,sy1ll,yzDIMd,vdZkHe,MOyZ4e:97
(anonymous) @ m=b0EtRe,sypw,FcqXHf,TB7ud,IZT63,sy12,sy26,sy13,sy27,eL17hf,syvq,w01MBf,sy152,sy151,sy153,syt,e6m7nb,sy150,uKWCOd,xDPt7b,UgYOoc,H822tb,fOaBYc,cZBLOc,sy11,syte,sy1ll,yzDIMd,vdZkHe,MOyZ4e:96
c @ m=base:845
rs=AA2YrTtSSgfwXcuJQaY227SqFENIJRc8eA:71 
        
        
       POST https://play.google.com/log?format=json&hasfast=true&authuser=0 net::ERR_BLOCKED_BY_CLIENT
_.Zk.send @ rs=AA2YrTtSSgfwXcuJQaY227SqFENIJRc8eA:71
_.kl @ rs=AA2YrTtSSgfwXcuJQaY227SqFENIJRc8eA:77
send @ rs=AA2YrTtSSgfwXcuJQaY227SqFENIJRc8eA:77
(anonymous) @ rs=AA2YrTtSSgfwXcuJQaY227SqFENIJRc8eA:62
flush @ rs=AA2YrTtSSgfwXcuJQaY227SqFENIJRc8eA:62
(anonymous) @ rs=AA2YrTtSSgfwXcuJQaY227SqFENIJRc8eA:54
ik @ rs=AA2YrTtSSgfwXcuJQaY227SqFENIJRc8eA:54
(anonymous) @ rs=AA2YrTtSSgfwXcuJQaY227SqFENIJRc8eA:54
c @ m=base:845
setTimeout (async)
c.<computed> @ m=base:847
start @ rs=AA2YrTtSSgfwXcuJQaY227SqFENIJRc8eA:54
l @ rs=AA2YrTtSSgfwXcuJQaY227SqFENIJRc8eA:62
(anonymous) @ rs=AA2YrTtSSgfwXcuJQaY227SqFENIJRc8eA:77
dg @ r:472
_.m.dispatchEvent @ r:470
el @ rs=AA2YrTtSSgfwXcuJQaY227SqFENIJRc8eA:71
gl @ rs=AA2YrTtSSgfwXcuJQaY227SqFENIJRc8eA:73
_.Zk.T @ rs=AA2YrTtSSgfwXcuJQaY227SqFENIJRc8eA:72
_.Zk.N @ rs=AA2YrTtSSgfwXcuJQaY227SqFENIJRc8eA:72
XMLHttpRequest.send (async)
_.Zk.send @ rs=AA2YrTtSSgfwXcuJQaY227SqFENIJRc8eA:71
_.kl @ rs=AA2YrTtSSgfwXcuJQaY227SqFENIJRc8eA:77
send @ rs=AA2YrTtSSgfwXcuJQaY227SqFENIJRc8eA:77
(anonymous) @ rs=AA2YrTtSSgfwXcuJQaY227SqFENIJRc8eA:62
flush @ rs=AA2YrTtSSgfwXcuJQaY227SqFENIJRc8eA:62
(anonymous) @ rs=AA2YrTtSSgfwXcuJQaY227SqFENIJRc8eA:54
ik @ rs=AA2YrTtSSgfwXcuJQaY227SqFENIJRc8eA:54
(anonymous) @ rs=AA2YrTtSSgfwXcuJQaY227SqFENIJRc8eA:54
c @ m=base:845
rs=AA2YrTtSSgfwXcuJQaY227SqFENIJRc8eA:71 
        
        
       POST https://play.google.com/log?format=json&hasfast=true&authuser=0 net::ERR_BLOCKED_BY_CLIENT
_.Zk.send @ rs=AA2YrTtSSgfwXcuJQaY227SqFENIJRc8eA:71
_.kl @ rs=AA2YrTtSSgfwXcuJQaY227SqFENIJRc8eA:77
send @ rs=AA2YrTtSSgfwXcuJQaY227SqFENIJRc8eA:77
(anonymous) @ rs=AA2YrTtSSgfwXcuJQaY227SqFENIJRc8eA:62
flush @ rs=AA2YrTtSSgfwXcuJQaY227SqFENIJRc8eA:62
(anonymous) @ rs=AA2YrTtSSgfwXcuJQaY227SqFENIJRc8eA:54
ik @ rs=AA2YrTtSSgfwXcuJQaY227SqFENIJRc8eA:54
(anonymous) @ rs=AA2YrTtSSgfwXcuJQaY227SqFENIJRc8eA:54
c @ m=base:845
m=base:852 
        
        
       POST https://play.google.com/log?format=json&hasfast=true&authuser=0 net::ERR_BLOCKED_BY_CLIENT
_.h.send @ m=base:852
_.d9a @ m=base:848
(anonymous) @ m=sy15b,sy15a,sy15c,OafFn:10
I9e.fw @ m=sy15b,sy15a,sy15c,OafFn:10
L9e.ha @ m=sy15b,sy15a,sy15c,OafFn:15
m_f.send @ m=b0EtRe,sypw,FcqXHf,TB7ud,IZT63,sy12,sy26,sy13,sy27,eL17hf,syvq,w01MBf,sy152,sy151,sy153,syt,e6m7nb,sy150,uKWCOd,xDPt7b,UgYOoc,H822tb,fOaBYc,cZBLOc,sy11,syte,sy1ll,yzDIMd,vdZkHe,MOyZ4e:169
await in m_f.send (async)
q @ m=b0EtRe,sypw,FcqXHf,TB7ud,IZT63,sy12,sy26,sy13,sy27,eL17hf,syvq,w01MBf,sy152,sy151,sy153,syt,e6m7nb,sy150,uKWCOd,xDPt7b,UgYOoc,H822tb,fOaBYc,cZBLOc,sy11,syte,sy1ll,yzDIMd,vdZkHe,MOyZ4e:106
_.BRb.flush @ m=b0EtRe,sypw,FcqXHf,TB7ud,IZT63,sy12,sy26,sy13,sy27,eL17hf,syvq,w01MBf,sy152,sy151,sy153,syt,e6m7nb,sy150,uKWCOd,xDPt7b,UgYOoc,H822tb,fOaBYc,cZBLOc,sy11,syte,sy1ll,yzDIMd,vdZkHe,MOyZ4e:106
(anonymous) @ m=b0EtRe,sypw,FcqXHf,TB7ud,IZT63,sy12,sy26,sy13,sy27,eL17hf,syvq,w01MBf,sy152,sy151,sy153,syt,e6m7nb,sy150,uKWCOd,xDPt7b,UgYOoc,H822tb,fOaBYc,cZBLOc,sy11,syte,sy1ll,yzDIMd,vdZkHe,MOyZ4e:100
EQb.tick @ m=b0EtRe,sypw,FcqXHf,TB7ud,IZT63,sy12,sy26,sy13,sy27,eL17hf,syvq,w01MBf,sy152,sy151,sy153,syt,e6m7nb,sy150,uKWCOd,xDPt7b,UgYOoc,H822tb,fOaBYc,cZBLOc,sy11,syte,sy1ll,yzDIMd,vdZkHe,MOyZ4e:97
(anonymous) @ m=b0EtRe,sypw,FcqXHf,TB7ud,IZT63,sy12,sy26,sy13,sy27,eL17hf,syvq,w01MBf,sy152,sy151,sy153,syt,e6m7nb,sy150,uKWCOd,xDPt7b,UgYOoc,H822tb,fOaBYc,cZBLOc,sy11,syte,sy1ll,yzDIMd,vdZkHe,MOyZ4e:96
c @ m=base:845
setTimeout (async)
c.<computed> @ m=base:847
EQb.start @ m=b0EtRe,sypw,FcqXHf,TB7ud,IZT63,sy12,sy26,sy13,sy27,eL17hf,syvq,w01MBf,sy152,sy151,sy153,syt,e6m7nb,sy150,uKWCOd,xDPt7b,UgYOoc,H822tb,fOaBYc,cZBLOc,sy11,syte,sy1ll,yzDIMd,vdZkHe,MOyZ4e:96
p @ m=b0EtRe,sypw,FcqXHf,TB7ud,IZT63,sy12,sy26,sy13,sy27,eL17hf,syvq,w01MBf,sy152,sy151,sy153,syt,e6m7nb,sy150,uKWCOd,xDPt7b,UgYOoc,H822tb,fOaBYc,cZBLOc,sy11,syte,sy1ll,yzDIMd,vdZkHe,MOyZ4e:105
m_f.send @ m=b0EtRe,sypw,FcqXHf,TB7ud,IZT63,sy12,sy26,sy13,sy27,eL17hf,syvq,w01MBf,sy152,sy151,sy153,syt,e6m7nb,sy150,uKWCOd,xDPt7b,UgYOoc,H822tb,fOaBYc,cZBLOc,sy11,syte,sy1ll,yzDIMd,vdZkHe,MOyZ4e:169
await in m_f.send (async)
q @ m=b0EtRe,sypw,FcqXHf,TB7ud,IZT63,sy12,sy26,sy13,sy27,eL17hf,syvq,w01MBf,sy152,sy151,sy153,syt,e6m7nb,sy150,uKWCOd,xDPt7b,UgYOoc,H822tb,fOaBYc,cZBLOc,sy11,syte,sy1ll,yzDIMd,vdZkHe,MOyZ4e:106
_.BRb.flush @ m=b0EtRe,sypw,FcqXHf,TB7ud,IZT63,sy12,sy26,sy13,sy27,eL17hf,syvq,w01MBf,sy152,sy151,sy153,syt,e6m7nb,sy150,uKWCOd,xDPt7b,UgYOoc,H822tb,fOaBYc,cZBLOc,sy11,syte,sy1ll,yzDIMd,vdZkHe,MOyZ4e:106
(anonymous) @ m=b0EtRe,sypw,FcqXHf,TB7ud,IZT63,sy12,sy26,sy13,sy27,eL17hf,syvq,w01MBf,sy152,sy151,sy153,syt,e6m7nb,sy150,uKWCOd,xDPt7b,UgYOoc,H822tb,fOaBYc,cZBLOc,sy11,syte,sy1ll,yzDIMd,vdZkHe,MOyZ4e:100
EQb.tick @ m=b0EtRe,sypw,FcqXHf,TB7ud,IZT63,sy12,sy26,sy13,sy27,eL17hf,syvq,w01MBf,sy152,sy151,sy153,syt,e6m7nb,sy150,uKWCOd,xDPt7b,UgYOoc,H822tb,fOaBYc,cZBLOc,sy11,syte,sy1ll,yzDIMd,vdZkHe,MOyZ4e:97
(anonymous) @ m=b0EtRe,sypw,FcqXHf,TB7ud,IZT63,sy12,sy26,sy13,sy27,eL17hf,syvq,w01MBf,sy152,sy151,sy153,syt,e6m7nb,sy150,uKWCOd,xDPt7b,UgYOoc,H822tb,fOaBYc,cZBLOc,sy11,syte,sy1ll,yzDIMd,vdZkHe,MOyZ4e:96
c @ m=base:845
rs=AA2YrTtSSgfwXcuJQaY227SqFENIJRc8eA:71 
        
        
       POST https://play.google.com/log?format=json&hasfast=true&authuser=0 net::ERR_BLOCKED_BY_CLIENT
_.Zk.send @ rs=AA2YrTtSSgfwXcuJQaY227SqFENIJRc8eA:71
_.kl @ rs=AA2YrTtSSgfwXcuJQaY227SqFENIJRc8eA:77
send @ rs=AA2YrTtSSgfwXcuJQaY227SqFENIJRc8eA:77
(anonymous) @ rs=AA2YrTtSSgfwXcuJQaY227SqFENIJRc8eA:62
flush @ rs=AA2YrTtSSgfwXcuJQaY227SqFENIJRc8eA:62
flush @ rs=AA2YrTtSSgfwXcuJQaY227SqFENIJRc8eA:427
lb @ rs=AA2YrTtSSgfwXcuJQaY227SqFENIJRc8eA:422
dg @ r:472
_.m.dispatchEvent @ r:470
_.m.Hh @ r:472
c @ m=base:845
m=base:852 
        
        
       POST https://play.google.com/log?format=json&hasfast=true&authuser=0 net::ERR_BLOCKED_BY_CLIENT
_.h.send @ m=base:852
_.d9a @ m=base:848
(anonymous) @ m=sy15b,sy15a,sy15c,OafFn:10
I9e.fw @ m=sy15b,sy15a,sy15c,OafFn:10
L9e.ha @ m=sy15b,sy15a,sy15c,OafFn:15
m_f.send @ m=b0EtRe,sypw,FcqXHf,TB7ud,IZT63,sy12,sy26,sy13,sy27,eL17hf,syvq,w01MBf,sy152,sy151,sy153,syt,e6m7nb,sy150,uKWCOd,xDPt7b,UgYOoc,H822tb,fOaBYc,cZBLOc,sy11,syte,sy1ll,yzDIMd,vdZkHe,MOyZ4e:169
await in m_f.send (async)
q @ m=b0EtRe,sypw,FcqXHf,TB7ud,IZT63,sy12,sy26,sy13,sy27,eL17hf,syvq,w01MBf,sy152,sy151,sy153,syt,e6m7nb,sy150,uKWCOd,xDPt7b,UgYOoc,H822tb,fOaBYc,cZBLOc,sy11,syte,sy1ll,yzDIMd,vdZkHe,MOyZ4e:106
_.BRb.flush @ m=b0EtRe,sypw,FcqXHf,TB7ud,IZT63,sy12,sy26,sy13,sy27,eL17hf,syvq,w01MBf,sy152,sy151,sy153,syt,e6m7nb,sy150,uKWCOd,xDPt7b,UgYOoc,H822tb,fOaBYc,cZBLOc,sy11,syte,sy1ll,yzDIMd,vdZkHe,MOyZ4e:106
(anonymous) @ m=b0EtRe,sypw,FcqXHf,TB7ud,IZT63,sy12,sy26,sy13,sy27,eL17hf,syvq,w01MBf,sy152,sy151,sy153,syt,e6m7nb,sy150,uKWCOd,xDPt7b,UgYOoc,H822tb,fOaBYc,cZBLOc,sy11,syte,sy1ll,yzDIMd,vdZkHe,MOyZ4e:100
EQb.tick @ m=b0EtRe,sypw,FcqXHf,TB7ud,IZT63,sy12,sy26,sy13,sy27,eL17hf,syvq,w01MBf,sy152,sy151,sy153,syt,e6m7nb,sy150,uKWCOd,xDPt7b,UgYOoc,H822tb,fOaBYc,cZBLOc,sy11,syte,sy1ll,yzDIMd,vdZkHe,MOyZ4e:97
(anonymous) @ m=b0EtRe,sypw,FcqXHf,TB7ud,IZT63,sy12,sy26,sy13,sy27,eL17hf,syvq,w01MBf,sy152,sy151,sy153,syt,e6m7nb,sy150,uKWCOd,xDPt7b,UgYOoc,H822tb,fOaBYc,cZBLOc,sy11,syte,sy1ll,yzDIMd,vdZkHe,MOyZ4e:96
c @ m=base:845
setTimeout (async)
c.<computed> @ m=base:847
EQb.start @ m=b0EtRe,sypw,FcqXHf,TB7ud,IZT63,sy12,sy26,sy13,sy27,eL17hf,syvq,w01MBf,sy152,sy151,sy153,syt,e6m7nb,sy150,uKWCOd,xDPt7b,UgYOoc,H822tb,fOaBYc,cZBLOc,sy11,syte,sy1ll,yzDIMd,vdZkHe,MOyZ4e:96
p @ m=b0EtRe,sypw,FcqXHf,TB7ud,IZT63,sy12,sy26,sy13,sy27,eL17hf,syvq,w01MBf,sy152,sy151,sy153,syt,e6m7nb,sy150,uKWCOd,xDPt7b,UgYOoc,H822tb,fOaBYc,cZBLOc,sy11,syte,sy1ll,yzDIMd,vdZkHe,MOyZ4e:105
m_f.send @ m=b0EtRe,sypw,FcqXHf,TB7ud,IZT63,sy12,sy26,sy13,sy27,eL17hf,syvq,w01MBf,sy152,sy151,sy153,syt,e6m7nb,sy150,uKWCOd,xDPt7b,UgYOoc,H822tb,fOaBYc,cZBLOc,sy11,syte,sy1ll,yzDIMd,vdZkHe,MOyZ4e:169
await in m_f.send (async)
q @ m=b0EtRe,sypw,FcqXHf,TB7ud,IZT63,sy12,sy26,sy13,sy27,eL17hf,syvq,w01MBf,sy152,sy151,sy153,syt,e6m7nb,sy150,uKWCOd,xDPt7b,UgYOoc,H822tb,fOaBYc,cZBLOc,sy11,syte,sy1ll,yzDIMd,vdZkHe,MOyZ4e:106
_.BRb.flush @ m=b0EtRe,sypw,FcqXHf,TB7ud,IZT63,sy12,sy26,sy13,sy27,eL17hf,syvq,w01MBf,sy152,sy151,sy153,syt,e6m7nb,sy150,uKWCOd,xDPt7b,UgYOoc,H822tb,fOaBYc,cZBLOc,sy11,syte,sy1ll,yzDIMd,vdZkHe,MOyZ4e:106
(anonymous) @ m=b0EtRe,sypw,FcqXHf,TB7ud,IZT63,sy12,sy26,sy13,sy27,eL17hf,syvq,w01MBf,sy152,sy151,sy153,syt,e6m7nb,sy150,uKWCOd,xDPt7b,UgYOoc,H822tb,fOaBYc,cZBLOc,sy11,syte,sy1ll,yzDIMd,vdZkHe,MOyZ4e:100
EQb.tick @ m=b0EtRe,sypw,FcqXHf,TB7ud,IZT63,sy12,sy26,sy13,sy27,eL17hf,syvq,w01MBf,sy152,sy151,sy153,syt,e6m7nb,sy150,uKWCOd,xDPt7b,UgYOoc,H822tb,fOaBYc,cZBLOc,sy11,syte,sy1ll,yzDIMd,vdZkHe,MOyZ4e:97
(anonymous) @ m=b0EtRe,sypw,FcqXHf,TB7ud,IZT63,sy12,sy26,sy13,sy27,eL17hf,syvq,w01MBf,sy152,sy151,sy153,syt,e6m7nb,sy150,uKWCOd,xDPt7b,UgYOoc,H822tb,fOaBYc,cZBLOc,sy11,syte,sy1ll,yzDIMd,vdZkHe,MOyZ4e:96
c @ m=base:845
rs=AA2YrTtSSgfwXcuJQaY227SqFENIJRc8eA:71 
        
        
       POST https://play.google.com/log?format=json&hasfast=true&authuser=0 net::ERR_BLOCKED_BY_CLIENT
_.Zk.send @ rs=AA2YrTtSSgfwXcuJQaY227SqFENIJRc8eA:71
_.kl @ rs=AA2YrTtSSgfwXcuJQaY227SqFENIJRc8eA:77
send @ rs=AA2YrTtSSgfwXcuJQaY227SqFENIJRc8eA:77
(anonymous) @ rs=AA2YrTtSSgfwXcuJQaY227SqFENIJRc8eA:62
flush @ rs=AA2YrTtSSgfwXcuJQaY227SqFENIJRc8eA:62
(anonymous) @ rs=AA2YrTtSSgfwXcuJQaY227SqFENIJRc8eA:54
ik @ rs=AA2YrTtSSgfwXcuJQaY227SqFENIJRc8eA:54
(anonymous) @ rs=AA2YrTtSSgfwXcuJQaY227SqFENIJRc8eA:54
c @ m=base:845
setTimeout (async)
c.<computed> @ m=base:847
start @ rs=AA2YrTtSSgfwXcuJQaY227SqFENIJRc8eA:54
l @ rs=AA2YrTtSSgfwXcuJQaY227SqFENIJRc8eA:62
(anonymous) @ rs=AA2YrTtSSgfwXcuJQaY227SqFENIJRc8eA:77
dg @ r:472
_.m.dispatchEvent @ r:470
el @ rs=AA2YrTtSSgfwXcuJQaY227SqFENIJRc8eA:71
gl @ rs=AA2YrTtSSgfwXcuJQaY227SqFENIJRc8eA:73
_.Zk.T @ rs=AA2YrTtSSgfwXcuJQaY227SqFENIJRc8eA:72
_.Zk.N @ rs=AA2YrTtSSgfwXcuJQaY227SqFENIJRc8eA:72
XMLHttpRequest.send (async)
_.Zk.send @ rs=AA2YrTtSSgfwXcuJQaY227SqFENIJRc8eA:71
_.kl @ rs=AA2YrTtSSgfwXcuJQaY227SqFENIJRc8eA:77
send @ rs=AA2YrTtSSgfwXcuJQaY227SqFENIJRc8eA:77
(anonymous) @ rs=AA2YrTtSSgfwXcuJQaY227SqFENIJRc8eA:62
flush @ rs=AA2YrTtSSgfwXcuJQaY227SqFENIJRc8eA:62
(anonymous) @ rs=AA2YrTtSSgfwXcuJQaY227SqFENIJRc8eA:54
ik @ rs=AA2YrTtSSgfwXcuJQaY227SqFENIJRc8eA:54
(anonymous) @ rs=AA2YrTtSSgfwXcuJQaY227SqFENIJRc8eA:54
c @ m=base:845
setTimeout (async)
c.<computed> @ m=base:847
start @ rs=AA2YrTtSSgfwXcuJQaY227SqFENIJRc8eA:54
l @ rs=AA2YrTtSSgfwXcuJQaY227SqFENIJRc8eA:62
(anonymous) @ rs=AA2YrTtSSgfwXcuJQaY227SqFENIJRc8eA:77
dg @ r:472
_.m.dispatchEvent @ r:470
el @ rs=AA2YrTtSSgfwXcuJQaY227SqFENIJRc8eA:71
gl @ rs=AA2YrTtSSgfwXcuJQaY227SqFENIJRc8eA:73
_.Zk.T @ rs=AA2YrTtSSgfwXcuJQaY227SqFENIJRc8eA:72
_.Zk.N @ rs=AA2YrTtSSgfwXcuJQaY227SqFENIJRc8eA:72
XMLHttpRequest.send (async)
_.Zk.send @ rs=AA2YrTtSSgfwXcuJQaY227SqFENIJRc8eA:71
_.kl @ rs=AA2YrTtSSgfwXcuJQaY227SqFENIJRc8eA:77
send @ rs=AA2YrTtSSgfwXcuJQaY227SqFENIJRc8eA:77
(anonymous) @ rs=AA2YrTtSSgfwXcuJQaY227SqFENIJRc8eA:62
flush @ rs=AA2YrTtSSgfwXcuJQaY227SqFENIJRc8eA:62
(anonymous) @ rs=AA2YrTtSSgfwXcuJQaY227SqFENIJRc8eA:54
ik @ rs=AA2YrTtSSgfwXcuJQaY227SqFENIJRc8eA:54
(anonymous) @ rs=AA2YrTtSSgfwXcuJQaY227SqFENIJRc8eA:54
c @ m=base:845
m=_b,_tp:354 
        
        
       POST https://play.google.com/log?format=json&hasfast=true&authuser=0 net::ERR_BLOCKED_BY_CLIENT
(anonymous) @ m=_b,_tp:354
Ig @ m=_b,_tp:103
next @ m=_b,_tp:104
(anonymous) @ m=_b,_tp:104
rba @ m=_b,_tp:104
_.Jg @ m=_b,_tp:105
_.et.send @ m=_b,_tp:354
ZE.flush @ m=ws9Tlc,n73qwf,GkRiKb,e5qFLc,IZT63,UUJqVe,O1Gjze,byfTOb,lsjVmc,xUdipf,OTA3Ae,COQbmf,fKUV3e,aurFic,U0aPgd,ZwDk9d,V3dDOb,mI3LFb,aDfbSd,lKZxSd,yA4AGd,O6y8ed,PrPYRd,MpJwZc,LEikZe,NwH0H,OmgaI,lazG7b,XVMNvd,L1AAkb,KUM7Z,Mlhmy,s39S4,lwddkf,gychg,w9hDv,EEDORb,RMhBfe,SdcwHb,aW3pY,pw70Gc,EFQ78c,Ulmmrd,ZfAoz,mdR7q,wmnU7d,xQtZb,JNoxi,kWgXee,MI6k7c,kjKdXe,BVgquf,QIhFr,ovKuLd,hKSk3e,yDVVkb,hc6Ubd,SpsfSb,KG2eXe,Z5uLle,MdUzUe,VwDzFe,zbML3c,A7fCU,zr1jrb,Uas9Hd,pjICDe:746
(anonymous) @ m=RqjULd:19
